[0.011s] Invoking command in '/home/alahe/Documents/ARMLab-belle/VisionHand/ros_ws/build/emg_interface': CMAKE_PREFIX_PATH=/opt/ros/humble /usr/bin/cmake --build /home/alahe/Documents/ARMLab-belle/VisionHand/ros_ws/build/emg_interface -- -j8 -l8
[0.033s] -- Found ament_cmake: 1.3.11 (/opt/ros/humble/share/ament_cmake/cmake)
[0.155s] -- Override CMake install command with custom implementation using symlinks instead of copying resources
[0.163s] -- Found ament_lint_auto: 0.12.12 (/opt/ros/humble/share/ament_lint_auto/cmake)
[0.234s] -- Added test 'flake8' to check Python code syntax and style conventions
[0.235s] -- Added test 'lint_cmake' to check CMake code style
[0.236s] -- Added test 'pep257' to check Python code against some of the docstring style conventions in PEP 257
[0.239s] -- Added test 'xmllint' to check XML markup files
[0.242s] -- Configuring done
[0.248s] -- Generating done
[0.251s] -- Build files have been written to: /home/alahe/Documents/ARMLab-belle/VisionHand/ros_ws/build/emg_interface
[0.279s] Invoked command in '/home/alahe/Documents/ARMLab-belle/VisionHand/ros_ws/build/emg_interface' returned '0': CMAKE_PREFIX_PATH=/opt/ros/humble /usr/bin/cmake --build /home/alahe/Documents/ARMLab-belle/VisionHand/ros_ws/build/emg_interface -- -j8 -l8
[0.289s] Invoking command in '/home/alahe/Documents/ARMLab-belle/VisionHand/ros_ws/build/emg_interface': CMAKE_PREFIX_PATH=/opt/ros/humble /usr/bin/cmake --install /home/alahe/Documents/ARMLab-belle/VisionHand/ros_ws/build/emg_interface
[0.296s] -- Install configuration: ""
[0.296s] -- Execute custom install script
[0.297s] -- Symlinking: /home/alahe/Documents/ARMLab-belle/VisionHand/ros_ws/install/emg_interface/lib/emg_interface/EMG_live_classifier.py
[0.305s] -- Up-to-date symlink: /home/alahe/Documents/ARMLab-belle/VisionHand/ros_ws/install/emg_interface/share/ament_index/resource_index/package_run_dependencies/emg_interface
[0.306s] -- Up-to-date symlink: /home/alahe/Documents/ARMLab-belle/VisionHand/ros_ws/install/emg_interface/share/ament_index/resource_index/parent_prefix_path/emg_interface
[0.306s] -- Up-to-date symlink: /home/alahe/Documents/ARMLab-belle/VisionHand/ros_ws/install/emg_interface/share/emg_interface/environment/ament_prefix_path.sh
[0.306s] -- Up-to-date symlink: /home/alahe/Documents/ARMLab-belle/VisionHand/ros_ws/install/emg_interface/share/emg_interface/environment/ament_prefix_path.dsv
[0.306s] -- Up-to-date symlink: /home/alahe/Documents/ARMLab-belle/VisionHand/ros_ws/install/emg_interface/share/emg_interface/environment/path.sh
[0.306s] -- Up-to-date symlink: /home/alahe/Documents/ARMLab-belle/VisionHand/ros_ws/install/emg_interface/share/emg_interface/environment/path.dsv
[0.307s] -- Up-to-date symlink: /home/alahe/Documents/ARMLab-belle/VisionHand/ros_ws/install/emg_interface/share/emg_interface/local_setup.bash
[0.307s] -- Up-to-date symlink: /home/alahe/Documents/ARMLab-belle/VisionHand/ros_ws/install/emg_interface/share/emg_interface/local_setup.sh
[0.307s] -- Up-to-date symlink: /home/alahe/Documents/ARMLab-belle/VisionHand/ros_ws/install/emg_interface/share/emg_interface/local_setup.zsh
[0.307s] -- Up-to-date symlink: /home/alahe/Documents/ARMLab-belle/VisionHand/ros_ws/install/emg_interface/share/emg_interface/local_setup.dsv
[0.307s] -- Symlinking: /home/alahe/Documents/ARMLab-belle/VisionHand/ros_ws/install/emg_interface/share/emg_interface/package.dsv
[0.316s] -- Up-to-date symlink: /home/alahe/Documents/ARMLab-belle/VisionHand/ros_ws/install/emg_interface/share/ament_index/resource_index/packages/emg_interface
[0.316s] -- Up-to-date symlink: /home/alahe/Documents/ARMLab-belle/VisionHand/ros_ws/install/emg_interface/share/emg_interface/cmake/emg_interfaceConfig.cmake
[0.316s] -- Up-to-date symlink: /home/alahe/Documents/ARMLab-belle/VisionHand/ros_ws/install/emg_interface/share/emg_interface/cmake/emg_interfaceConfig-version.cmake
[0.317s] -- Up-to-date symlink: /home/alahe/Documents/ARMLab-belle/VisionHand/ros_ws/install/emg_interface/share/emg_interface/package.xml
[0.319s] Invoked command in '/home/alahe/Documents/ARMLab-belle/VisionHand/ros_ws/build/emg_interface' returned '0': CMAKE_PREFIX_PATH=/opt/ros/humble /usr/bin/cmake --install /home/alahe/Documents/ARMLab-belle/VisionHand/ros_ws/build/emg_interface
