-- Found ament_cmake: 1.3.11 (/opt/ros/humble/share/ament_cmake/cmake)
-- Override CMake install command with custom implementation using symlinks instead of copying resources
-- Found ament_lint_auto: 0.12.12 (/opt/ros/humble/share/ament_lint_auto/cmake)
-- Added test 'flake8' to check Python code syntax and style conventions
-- Added test 'lint_cmake' to check CMake code style
-- Added test 'pep257' to check Python code against some of the docstring style conventions in PEP 257
-- Added test 'xmllint' to check XML markup files
-- Configuring done
-- Generating done
-- Build files have been written to: /home/alahe/Documents/ARMLab-belle/VisionHand/ros_ws/build/emg_interface
-- Install configuration: ""
-- Execute custom install script
-- Up-to-date symlink: /home/alahe/Documents/ARMLab-belle/VisionHand/ros_ws/install/emg_interface/lib/emg_interface/EMG_live_classifier.py
-- Up-to-date symlink: /home/alahe/Documents/ARMLab-belle/VisionHand/ros_ws/install/emg_interface/share/ament_index/resource_index/package_run_dependencies/emg_interface
-- Up-to-date symlink: /home/alahe/Documents/ARMLab-belle/VisionHand/ros_ws/install/emg_interface/share/ament_index/resource_index/parent_prefix_path/emg_interface
-- Up-to-date symlink: /home/alahe/Documents/ARMLab-belle/VisionHand/ros_ws/install/emg_interface/share/emg_interface/environment/ament_prefix_path.sh
-- Up-to-date symlink: /home/alahe/Documents/ARMLab-belle/VisionHand/ros_ws/install/emg_interface/share/emg_interface/environment/ament_prefix_path.dsv
-- Up-to-date symlink: /home/alahe/Documents/ARMLab-belle/VisionHand/ros_ws/install/emg_interface/share/emg_interface/environment/path.sh
-- Up-to-date symlink: /home/alahe/Documents/ARMLab-belle/VisionHand/ros_ws/install/emg_interface/share/emg_interface/environment/path.dsv
-- Up-to-date symlink: /home/alahe/Documents/ARMLab-belle/VisionHand/ros_ws/install/emg_interface/share/emg_interface/local_setup.bash
-- Up-to-date symlink: /home/alahe/Documents/ARMLab-belle/VisionHand/ros_ws/install/emg_interface/share/emg_interface/local_setup.sh
-- Up-to-date symlink: /home/alahe/Documents/ARMLab-belle/VisionHand/ros_ws/install/emg_interface/share/emg_interface/local_setup.zsh
-- Up-to-date symlink: /home/alahe/Documents/ARMLab-belle/VisionHand/ros_ws/install/emg_interface/share/emg_interface/local_setup.dsv
-- Symlinking: /home/alahe/Documents/ARMLab-belle/VisionHand/ros_ws/install/emg_interface/share/emg_interface/package.dsv
-- Up-to-date symlink: /home/alahe/Documents/ARMLab-belle/VisionHand/ros_ws/install/emg_interface/share/ament_index/resource_index/packages/emg_interface
-- Up-to-date symlink: /home/alahe/Documents/ARMLab-belle/VisionHand/ros_ws/install/emg_interface/share/emg_interface/cmake/emg_interfaceConfig.cmake
-- Up-to-date symlink: /home/alahe/Documents/ARMLab-belle/VisionHand/ros_ws/install/emg_interface/share/emg_interface/cmake/emg_interfaceConfig-version.cmake
-- Up-to-date symlink: /home/alahe/Documents/ARMLab-belle/VisionHand/ros_ws/install/emg_interface/share/emg_interface/package.xml
