[0.080s] Invoking command in '/home/alahe/Documents/ARMLab-belle/VisionHand/ros_ws/build/emg_interface': CMAKE_PREFIX_PATH=/opt/ros/humble /usr/bin/cmake /home/alahe/Documents/ARMLab-belle/VisionHand/ros_ws/src/emg_interface -DAMENT_CMAKE_SYMLINK_INSTALL=1 -DCMAKE_INSTALL_PREFIX=/home/alahe/Documents/ARMLab-belle/VisionHand/ros_ws/install/emg_interface
[1.005s] -- The C compiler identification is GNU 11.4.0
[1.689s] -- The CXX compiler identification is GNU 11.4.0
[1.779s] -- Detecting C compiler ABI info
[1.998s] -- Detecting C compiler ABI info - done
[2.007s] -- Check for working C compiler: /usr/bin/cc - skipped
[2.007s] -- Detecting C compile features
[2.024s] -- Detecting C compile features - done
[2.042s] -- Detecting CXX compiler ABI info
[2.239s] -- Detecting CXX compiler ABI info - done
[2.248s] -- Check for working CXX compiler: /usr/bin/c++ - skipped
[2.248s] -- Detecting CXX compile features
[2.248s] -- Detecting CXX compile features - done
[2.333s] -- Found ament_cmake: 1.3.11 (/opt/ros/humble/share/ament_cmake/cmake)
[2.579s] -- Found Python3: /usr/bin/python3 (found version "3.10.12") found components: Interpreter 
[2.666s] -- Override CMake install command with custom implementation using symlinks instead of copying resources
[2.791s] -- Found ament_lint_auto: 0.12.12 (/opt/ros/humble/share/ament_lint_auto/cmake)
[2.897s] -- Added test 'flake8' to check Python code syntax and style conventions
[2.897s] -- Added test 'lint_cmake' to check CMake code style
[2.898s] -- Added test 'pep257' to check Python code against some of the docstring style conventions in PEP 257
[2.899s] -- Added test 'xmllint' to check XML markup files
[2.912s] -- Configuring done
[2.918s] -- Generating done
[2.921s] -- Build files have been written to: /home/alahe/Documents/ARMLab-belle/VisionHand/ros_ws/build/emg_interface
[2.929s] Invoked command in '/home/alahe/Documents/ARMLab-belle/VisionHand/ros_ws/build/emg_interface' returned '0': CMAKE_PREFIX_PATH=/opt/ros/humble /usr/bin/cmake /home/alahe/Documents/ARMLab-belle/VisionHand/ros_ws/src/emg_interface -DAMENT_CMAKE_SYMLINK_INSTALL=1 -DCMAKE_INSTALL_PREFIX=/home/alahe/Documents/ARMLab-belle/VisionHand/ros_ws/install/emg_interface
[2.931s] Invoking command in '/home/alahe/Documents/ARMLab-belle/VisionHand/ros_ws/build/emg_interface': CMAKE_PREFIX_PATH=/opt/ros/humble /usr/bin/cmake --build /home/alahe/Documents/ARMLab-belle/VisionHand/ros_ws/build/emg_interface -- -j8 -l8
[2.976s] Invoked command in '/home/alahe/Documents/ARMLab-belle/VisionHand/ros_ws/build/emg_interface' returned '0': CMAKE_PREFIX_PATH=/opt/ros/humble /usr/bin/cmake --build /home/alahe/Documents/ARMLab-belle/VisionHand/ros_ws/build/emg_interface -- -j8 -l8
[2.987s] Invoking command in '/home/alahe/Documents/ARMLab-belle/VisionHand/ros_ws/build/emg_interface': CMAKE_PREFIX_PATH=/opt/ros/humble /usr/bin/cmake --install /home/alahe/Documents/ARMLab-belle/VisionHand/ros_ws/build/emg_interface
[2.994s] -- Install configuration: ""
[2.995s] -- Execute custom install script
[2.995s] -- Symlinking: /home/alahe/Documents/ARMLab-belle/VisionHand/ros_ws/install/emg_interface/share/ament_index/resource_index/package_run_dependencies/emg_interface
[3.005s] -- Symlinking: /home/alahe/Documents/ARMLab-belle/VisionHand/ros_ws/install/emg_interface/share/ament_index/resource_index/parent_prefix_path/emg_interface
[3.015s] -- Symlinking: /home/alahe/Documents/ARMLab-belle/VisionHand/ros_ws/install/emg_interface/share/emg_interface/environment/ament_prefix_path.sh
[3.024s] -- Symlinking: /home/alahe/Documents/ARMLab-belle/VisionHand/ros_ws/install/emg_interface/share/emg_interface/environment/ament_prefix_path.dsv
[3.033s] -- Symlinking: /home/alahe/Documents/ARMLab-belle/VisionHand/ros_ws/install/emg_interface/share/emg_interface/environment/path.sh
[3.042s] -- Symlinking: /home/alahe/Documents/ARMLab-belle/VisionHand/ros_ws/install/emg_interface/share/emg_interface/environment/path.dsv
[3.052s] -- Symlinking: /home/alahe/Documents/ARMLab-belle/VisionHand/ros_ws/install/emg_interface/share/emg_interface/local_setup.bash
[3.060s] -- Symlinking: /home/alahe/Documents/ARMLab-belle/VisionHand/ros_ws/install/emg_interface/share/emg_interface/local_setup.sh
[3.069s] -- Symlinking: /home/alahe/Documents/ARMLab-belle/VisionHand/ros_ws/install/emg_interface/share/emg_interface/local_setup.zsh
[3.079s] -- Symlinking: /home/alahe/Documents/ARMLab-belle/VisionHand/ros_ws/install/emg_interface/share/emg_interface/local_setup.dsv
[3.087s] -- Symlinking: /home/alahe/Documents/ARMLab-belle/VisionHand/ros_ws/install/emg_interface/share/emg_interface/package.dsv
[3.097s] -- Symlinking: /home/alahe/Documents/ARMLab-belle/VisionHand/ros_ws/install/emg_interface/share/ament_index/resource_index/packages/emg_interface
[3.105s] -- Symlinking: /home/alahe/Documents/ARMLab-belle/VisionHand/ros_ws/install/emg_interface/share/emg_interface/cmake/emg_interfaceConfig.cmake
[3.114s] -- Symlinking: /home/alahe/Documents/ARMLab-belle/VisionHand/ros_ws/install/emg_interface/share/emg_interface/cmake/emg_interfaceConfig-version.cmake
[3.123s] -- Symlinking: /home/alahe/Documents/ARMLab-belle/VisionHand/ros_ws/install/emg_interface/share/emg_interface/package.xml
[3.135s] Invoked command in '/home/alahe/Documents/ARMLab-belle/VisionHand/ros_ws/build/emg_interface' returned '0': CMAKE_PREFIX_PATH=/opt/ros/humble /usr/bin/cmake --install /home/alahe/Documents/ARMLab-belle/VisionHand/ros_ws/build/emg_interface
